<?xml version="1.0" encoding="UTF-8"?>
<!-- Generated by org.testng.reporters.JUnitXMLReporter -->
<testsuite ignored="0" hostname="Ree" failures="4" tests="7" name="Surefire test" time="25.769" errors="0" timestamp="2026-07-19T15:28:39 SAST">
  <testcase classname="riaadSeleniumFrameWork.Tests.ErrorValidationsTest" name="LoginErrorValidation" time="0.006">
    <skipped/>
  </testcase> <!-- LoginErrorValidation -->
  <testcase classname="riaadSeleniumFrameWork.Tests.ErrorValidationsTest" name="LoginErrorValidation" time="0.0">
    <failure type="java.lang.NullPointerException" message="Cannot invoke &amp;quot;riaadSeleniumFrameWork.pageObject.LandingPage.loginApplication(String, String)&amp;quot; because &amp;quot;riaadSeleniumFrameWork.Tests.ErrorValidationsTest.landingPage&amp;quot; is null">
      <![CDATA[java.lang.NullPointerException: Cannot invoke "riaadSeleniumFrameWork.pageObject.LandingPage.loginApplication(String, String)" because "riaadSeleniumFrameWork.Tests.ErrorValidationsTest.landingPage" is null
at riaadSeleniumFrameWork.Tests.ErrorValidationsTest.LoginErrorValidation(ErrorValidationsTest.java:39)
at java.base/java.util.ArrayList.forEach(ArrayList.java:1596)
... Removed 30 stack frames]]>
    </failure>
  </testcase> <!-- LoginErrorValidation -->
  <testcase classname="riaadSeleniumFrameWork.Tests.ErrorValidationsTest" name="ProductErrorValidation" time="0.002">
    <failure type="java.lang.NullPointerException" message="Cannot invoke &amp;quot;riaadSeleniumFrameWork.pageObject.LandingPage.loginApplication(String, String)&amp;quot; because &amp;quot;riaadSeleniumFrameWork.Tests.ErrorValidationsTest.landingPage&amp;quot; is null">
      <![CDATA[java.lang.NullPointerException: Cannot invoke "riaadSeleniumFrameWork.pageObject.LandingPage.loginApplication(String, String)" because "riaadSeleniumFrameWork.Tests.ErrorValidationsTest.landingPage" is null
at riaadSeleniumFrameWork.Tests.ErrorValidationsTest.ProductErrorValidation(ErrorValidationsTest.java:50)
at java.base/java.util.ArrayList.forEach(ArrayList.java:1596)
... Removed 30 stack frames]]>
    </failure>
  </testcase> <!-- ProductErrorValidation -->
  <testcase classname="riaadSeleniumFrameWork.Tests.StandAloneTest" name="standAloneTest" time="0.003">
    <failure type="java.lang.NullPointerException" message="Cannot invoke &amp;quot;riaadSeleniumFrameWork.pageObject.LandingPage.loginApplication(String, String)&amp;quot; because &amp;quot;riaadSeleniumFrameWork.Tests.StandAloneTest.landingPage&amp;quot; is null">
      <![CDATA[java.lang.NullPointerException: Cannot invoke "riaadSeleniumFrameWork.pageObject.LandingPage.loginApplication(String, String)" because "riaadSeleniumFrameWork.Tests.StandAloneTest.landingPage" is null
at riaadSeleniumFrameWork.Tests.StandAloneTest.standAloneTest(StandAloneTest.java:55)
at java.base/java.util.ArrayList.forEach(ArrayList.java:1596)
... Removed 30 stack frames]]>
    </failure>
  </testcase> <!-- standAloneTest -->
  <testcase classname="riaadSeleniumFrameWork.Tests.StandAloneTest" name="standAloneTest" time="0.001">
    <failure type="java.lang.NullPointerException" message="Cannot invoke &amp;quot;riaadSeleniumFrameWork.pageObject.LandingPage.loginApplication(String, String)&amp;quot; because &amp;quot;riaadSeleniumFrameWork.Tests.StandAloneTest.landingPage&amp;quot; is null">
      <![CDATA[java.lang.NullPointerException: Cannot invoke "riaadSeleniumFrameWork.pageObject.LandingPage.loginApplication(String, String)" because "riaadSeleniumFrameWork.Tests.StandAloneTest.landingPage" is null
at riaadSeleniumFrameWork.Tests.StandAloneTest.standAloneTest(StandAloneTest.java:55)
at java.base/java.util.ArrayList.forEach(ArrayList.java:1596)
... Removed 30 stack frames]]>
    </failure>
  </testcase> <!-- standAloneTest -->
  <testcase classname="riaadSeleniumFrameWork.Tests.StandAloneTest" name="OrderHistoryTest" time="0.0">
    <skipped/>
  </testcase> <!-- OrderHistoryTest -->
  <testcase classname="io.cucumber.testng.AbstractTestNGCucumberTests" name="runScenario" time="24.699"/>
</testsuite> <!-- Surefire test -->
