<?xml version="1.0" encoding="UTF-8"?>
<!-- Generated by org.testng.reporters.JUnitXMLReporter -->
<testsuite ignored="0" hostname="Ree" failures="0" tests="2" name="Default test" time="35.809" errors="0" timestamp="2026-07-13T12:57:08 SAST">
  <testcase classname="riaadSeleniumFrameWork.Tests.ErrorValidationsTest" name="LoginErrorValidation" time="0.861"/>
  <testcase classname="riaadSeleniumFrameWork.Tests.ErrorValidationsTest" name="ProductErrorValidation" time="15.116"/>
</testsuite> <!-- Default test -->
