<?xml version="1.0" encoding="UTF-8"?>
<!-- Generated by org.testng.reporters.JUnitXMLReporter -->
<testsuite ignored="0" hostname="Ree" failures="0" tests="2" name="Error Validations Test" time="42.144" errors="0" timestamp="2026-05-08T09:03:32 SAST">
  <testcase classname="riaadSeleniumFrameWork.Tests.ErrorValidationsTest" name="LoginErrorValidation" time="0.866"/>
  <testcase classname="riaadSeleniumFrameWork.Tests.ErrorValidationsTest" name="ProductErrorValidation" time="15.176"/>
</testsuite> <!-- Error Validations Test -->
