<?xml version="1.0" encoding="UTF-8"?>
<!-- Generated by org.testng.reporters.JUnitXMLReporter -->
<testsuite ignored="0" hostname="Ree" failures="0" tests="2" name="Error Validations Test" time="21.031" errors="0" timestamp="2026-05-21T00:56:25 SAST">
  <testcase classname="riaadSeleniumFrameWork.Tests.ErrorValidationsTest" name="LoginErrorValidation" time="0.849"/>
  <testcase classname="riaadSeleniumFrameWork.Tests.ErrorValidationsTest" name="ProductErrorValidation" time="3.855"/>
</testsuite> <!-- Error Validations Test -->
