<?xml version="1.0" encoding="UTF-8"?>
<testng-results ignored="0" total="2" passed="2" failed="0" skipped="0">
  <reporter-output>
  </reporter-output>
  <suite started-at="2026-07-13T12:56:32 SAST" name="Default suite" finished-at="2026-07-13T12:57:08 SAST" duration-ms="35809">
    <groups>
      <group name="ErrorHandling">
        <method signature="ErrorValidationsTest.LoginErrorValidation()[pri:0, instance:riaadSeleniumFrameWork.Tests.ErrorValidationsTest@38425407]" name="LoginErrorValidation" class="riaadSeleniumFrameWork.Tests.ErrorValidationsTest"/>
      </group> <!-- ErrorHandling -->
    </groups>
    <test started-at="2026-07-13T12:56:32 SAST" name="Default test" finished-at="2026-07-13T12:57:08 SAST" duration-ms="35809">
      <class name="riaadSeleniumFrameWork.Tests.ErrorValidationsTest">
        <test-method is-config="true" signature="launchApplication()[pri:0, instance:riaadSeleniumFrameWork.Tests.ErrorValidationsTest@38425407]" started-at="2026-07-13T12:56:32 SAST" name="launchApplication" finished-at="2026-07-13T12:56:39 SAST" duration-ms="7021" status="PASS">
          <reporter-output>
          </reporter-output>
        </test-method> <!-- launchApplication -->
        <test-method signature="LoginErrorValidation()[pri:0, instance:riaadSeleniumFrameWork.Tests.ErrorValidationsTest@38425407]" started-at="2026-07-13T12:56:39 SAST" name="LoginErrorValidation" finished-at="2026-07-13T12:56:40 SAST" duration-ms="861" status="PASS">
          <reporter-output>
          </reporter-output>
        </test-method> <!-- LoginErrorValidation -->
        <test-method is-config="true" signature="tearDown()[pri:0, instance:riaadSeleniumFrameWork.Tests.ErrorValidationsTest@38425407]" started-at="2026-07-13T12:56:40 SAST" name="tearDown" finished-at="2026-07-13T12:56:40 SAST" duration-ms="206" status="PASS">
          <reporter-output>
          </reporter-output>
        </test-method> <!-- tearDown -->
        <test-method is-config="true" signature="launchApplication()[pri:0, instance:riaadSeleniumFrameWork.Tests.ErrorValidationsTest@38425407]" started-at="2026-07-13T12:56:40 SAST" name="launchApplication" finished-at="2026-07-13T12:56:52 SAST" duration-ms="12261" status="PASS">
          <reporter-output>
          </reporter-output>
        </test-method> <!-- launchApplication -->
        <test-method signature="ProductErrorValidation()[pri:0, instance:riaadSeleniumFrameWork.Tests.ErrorValidationsTest@38425407]" started-at="2026-07-13T12:56:52 SAST" name="ProductErrorValidation" finished-at="2026-07-13T12:57:08 SAST" duration-ms="15116" status="PASS">
          <reporter-output>
          </reporter-output>
        </test-method> <!-- ProductErrorValidation -->
        <test-method is-config="true" signature="tearDown()[pri:0, instance:riaadSeleniumFrameWork.Tests.ErrorValidationsTest@38425407]" started-at="2026-07-13T12:57:08 SAST" name="tearDown" finished-at="2026-07-13T12:57:08 SAST" duration-ms="284" status="PASS">
          <reporter-output>
          </reporter-output>
        </test-method> <!-- tearDown -->
      </class> <!-- riaadSeleniumFrameWork.Tests.ErrorValidationsTest -->
    </test> <!-- Default test -->
  </suite> <!-- Default suite -->
</testng-results>
