<?xml version="1.0" encoding="UTF-8"?>
<!-- Generated by org.testng.reporters.JUnitReportReporter -->
<testsuite hostname="Ree" failures="0" tests="2" name="riaadSeleniumFrameWork.Tests.ErrorValidationsTest" time="35.749" errors="0" timestamp="2026-07-13T12:57:08 SAST" skipped="0">
  <testcase classname="riaadSeleniumFrameWork.Tests.ErrorValidationsTest" name="LoginErrorValidation" time="13.328"/>
  <testcase classname="riaadSeleniumFrameWork.Tests.ErrorValidationsTest" name="ProductErrorValidation" time="22.421"/>
</testsuite> <!-- riaadSeleniumFrameWork.Tests.ErrorValidationsTest -->
