<?xml version="1.0" encoding="UTF-8"?>
<!-- Generated by org.testng.reporters.JUnitReportReporter -->
<testsuite hostname="Ree" failures="0" tests="3" name="riaadSeleniumFrameWork.Tests.StandAloneTest" time="146.263" errors="0" timestamp="2026-07-13T12:54:44 SAST" skipped="0">
  <testcase classname="riaadSeleniumFrameWork.Tests.StandAloneTest" name="standAloneTest" time="115.047"/>
  <testcase classname="riaadSeleniumFrameWork.Tests.StandAloneTest" name="OrderHistoryTest" time="7.998"/>
  <testcase classname="riaadSeleniumFrameWork.Tests.StandAloneTest" name="standAloneTest" time="23.218"/>
</testsuite> <!-- riaadSeleniumFrameWork.Tests.StandAloneTest -->
