<?xml version="1.0" encoding="UTF-8"?>
<!-- Generated by org.testng.reporters.JUnitReportReporter -->
<testsuite hostname="Ree" failures="0" tests="2" name="riaadSeleniumFrameWork.Tests.ErrorValidationsTest" time="42.084" errors="0" timestamp="2026-05-08T09:03:50 SAST" skipped="0">
  <testcase classname="riaadSeleniumFrameWork.Tests.ErrorValidationsTest" name="ProductErrorValidation" time="28.704"/>
  <testcase classname="riaadSeleniumFrameWork.Tests.ErrorValidationsTest" name="LoginErrorValidation" time="13.380"/>
</testsuite> <!-- riaadSeleniumFrameWork.Tests.ErrorValidationsTest -->
