<?xml version="1.0" encoding="UTF-8"?>
<!-- Generated by org.testng.reporters.JUnitReportReporter -->
<testsuite hostname="Ree" failures="0" tests="1" name="cucumber.TestNGTestRunner" time="9.567" errors="1" timestamp="2026-07-06T13:47:11 SAST" skipped="0">
  <testcase classname="cucumber.TestNGTestRunner" name="runScenario" time="9.567">
    <error message="The step &#039;I add product ZARA COAT 3 to Cart&#039; and 1 other step(s) are undefined.
You can implement these steps using the snippet(s) below:

@When(&quot;I add product ZARA COAT {int} to Cart&quot;)
public void i_add_product_zara_coat_to_cart(Integer int1) {
    // Write code here that turns the phrase above into concrete actions
    throw new io.cucumber.java.PendingException();
}
@When(&quot;Checkout ZARA COAT {int} and submit the order&quot;)
public void checkout_zara_coat_and_submit_the_order(Integer int1) {
    // Write code here that turns the phrase above into concrete actions
    throw new io.cucumber.java.PendingException();
}
" type="io.cucumber.testng.UndefinedStepException">
      <![CDATA[io.cucumber.testng.UndefinedStepException: The step 'I add product ZARA COAT 3 to Cart' and 1 other step(s) are undefined.
You can implement these steps using the snippet(s) below:

@When("I add product ZARA COAT {int} to Cart")
public void i_add_product_zara_coat_to_cart(Integer int1) {
    // Write code here that turns the phrase above into concrete actions
    throw new io.cucumber.java.PendingException();
}
@When("Checkout ZARA COAT {int} and submit the order")
public void checkout_zara_coat_and_submit_the_order(Integer int1) {
    // Write code here that turns the phrase above into concrete actions
    throw new io.cucumber.java.PendingException();
}

at ✽.I add product ZARA COAT 3 to Cart(file:///C:/Users/riaad/SeleniumFrameworkAutomationCI-CD/src/test/java/cucumber/SubmitOrder.feature:13)
]]>
    </error>
  </testcase> <!-- runScenario -->
</testsuite> <!-- cucumber.TestNGTestRunner -->
