<?xml version="1.0" encoding="UTF-8"?>
<!-- Generated by org.testng.reporters.JUnitReportReporter -->
<testsuite hostname="Ree" failures="0" tests="2" name="riaadSeleniumFrameWork.Tests.ErrorValidationsTest" time="19.450" errors="0" timestamp="2026-05-21T01:04:33 SAST" skipped="0">
  <testcase classname="riaadSeleniumFrameWork.Tests.ErrorValidationsTest" name="ProductErrorValidation" time="10.669"/>
  <testcase classname="riaadSeleniumFrameWork.Tests.ErrorValidationsTest" name="LoginErrorValidation" time="8.781"/>
</testsuite> <!-- riaadSeleniumFrameWork.Tests.ErrorValidationsTest -->
