<?xml version="1.0" encoding="UTF-8"?>
<!-- Generated by org.testng.reporters.JUnitReportReporter -->
<testsuite hostname="Ree" failures="0" tests="2" name="riaadSeleniumFrameWork.Tests.ErrorValidationsTest" time="24.334" errors="0" timestamp="2026-07-06T13:47:11 SAST" skipped="0">
  <testcase classname="riaadSeleniumFrameWork.Tests.ErrorValidationsTest" name="ProductErrorValidation" time="10.971"/>
  <testcase classname="riaadSeleniumFrameWork.Tests.ErrorValidationsTest" name="LoginErrorValidation" time="13.363"/>
</testsuite> <!-- riaadSeleniumFrameWork.Tests.ErrorValidationsTest -->
